<?xml version="1.0" encoding="UTF-8"?>
<coverage generated="1651471780346" clover="3.2.0">
  <project timestamp="1651471780347" name="All files">
    <metrics statements="9" coveredstatements="8" conditionals="10" coveredconditionals="5" methods="3" coveredmethods="2" elements="22" coveredelements="15" complexity="0" loc="9" ncloc="9" packages="1" files="1" classes="1"/>
    <file name="App.js" path="/Users/imac/Desktop/SAMPLEE/App.js">
      <metrics statements="9" coveredstatements="8" conditionals="10" coveredconditionals="5" methods="3" coveredmethods="2"/>
      <line num="31" count="1" type="stmt"/>
      <line num="32" count="4" type="stmt"/>
      <line num="33" count="4" type="stmt"/>
      <line num="57" count="1" type="stmt"/>
      <line num="58" count="1" type="stmt"/>
      <line num="60" count="1" type="stmt"/>
      <line num="64" count="1" type="stmt"/>
      <line num="92" count="0" type="stmt"/>
      <line num="99" count="1" type="stmt"/>
    </file>
  </project>
</coverage>
