{"/Users/imac/Desktop/SAMPLEE/App.js": {"path":"/Users/imac/Desktop/SAMPLEE/App.js","statementMap":{"0":{"start":{"line":31,"column":16},"end":{"line":56,"column":1}},"1":{"start":{"line":32,"column":21},"end":{"line":32,"column":48}},"2":{"start":{"line":33,"column":2},"end":{"line":55,"column":4}},"3":{"start":{"line":58,"column":24},"end":{"line":98,"column":1}},"4":{"start":{"line":59,"column":21},"end":{"line":59,"column":48}},"5":{"start":{"line":61,"column":26},"end":{"line":63,"column":3}},"6":{"start":{"line":65,"column":2},"end":{"line":97,"column":4}},"7":{"start":{"line":93,"column":40},"end":{"line":93,"column":60}},"8":{"start":{"line":100,"column":15},"end":{"line":117,"column":2}}},"fnMap":{"0":{"name":"(anonymous_0)","decl":{"start":{"line":31,"column":16},"end":{"line":31,"column":17}},"loc":{"start":{"line":31,"column":45},"end":{"line":56,"column":1}},"line":31},"1":{"name":"(anonymous_1)","decl":{"start":{"line":58,"column":24},"end":{"line":58,"column":25}},"loc":{"start":{"line":58,"column":30},"end":{"line":98,"column":1}},"line":58},"2":{"name":"(anonymous_2)","decl":{"start":{"line":93,"column":33},"end":{"line":93,"column":34}},"loc":{"start":{"line":93,"column":39},"end":{"line":93,"column":61}},"line":93}},"branchMap":{"0":{"loc":{"start":{"line":39,"column":19},"end":{"line":39,"column":59}},"type":"cond-expr","locations":[{"start":{"line":39,"column":32},"end":{"line":39,"column":44}},{"start":{"line":39,"column":47},"end":{"line":39,"column":59}}],"line":39},"1":{"loc":{"start":{"line":48,"column":19},"end":{"line":48,"column":58}},"type":"cond-expr","locations":[{"start":{"line":48,"column":32},"end":{"line":48,"column":44}},{"start":{"line":48,"column":47},"end":{"line":48,"column":58}}],"line":48},"2":{"loc":{"start":{"line":62,"column":21},"end":{"line":62,"column":64}},"type":"cond-expr","locations":[{"start":{"line":62,"column":34},"end":{"line":62,"column":47}},{"start":{"line":62,"column":50},"end":{"line":62,"column":64}}],"line":62},"3":{"loc":{"start":{"line":67,"column":27},"end":{"line":67,"column":72}},"type":"cond-expr","locations":[{"start":{"line":67,"column":40},"end":{"line":67,"column":55}},{"start":{"line":67,"column":58},"end":{"line":67,"column":72}}],"line":67},"4":{"loc":{"start":{"line":74,"column":29},"end":{"line":74,"column":69}},"type":"cond-expr","locations":[{"start":{"line":74,"column":42},"end":{"line":74,"column":54}},{"start":{"line":74,"column":57},"end":{"line":74,"column":69}}],"line":74}},"s":{"0":1,"1":4,"2":4,"3":1,"4":1,"5":1,"6":1,"7":0,"8":1},"f":{"0":4,"1":1,"2":0},"b":{"0":[0,4],"1":[0,4],"2":[0,1],"3":[0,1],"4":[0,1]},"_coverageSchema":"1a1c01bbd47fc00a2c39e90264f33305004495a9","hash":"a8938eca315793b402030339896533926559d75c"}
}
