{"/Users/imac/Desktop/SAMPLEE/App.js": {"path":"/Users/imac/Desktop/SAMPLEE/App.js","statementMap":{"0":{"start":{"line":31,"column":16},"end":{"line":55,"column":1}},"1":{"start":{"line":32,"column":21},"end":{"line":32,"column":48}},"2":{"start":{"line":33,"column":2},"end":{"line":54,"column":4}},"3":{"start":{"line":57,"column":24},"end":{"line":97,"column":1}},"4":{"start":{"line":58,"column":21},"end":{"line":58,"column":48}},"5":{"start":{"line":60,"column":26},"end":{"line":62,"column":3}},"6":{"start":{"line":64,"column":2},"end":{"line":96,"column":4}},"7":{"start":{"line":92,"column":40},"end":{"line":92,"column":60}},"8":{"start":{"line":99,"column":15},"end":{"line":116,"column":2}}},"fnMap":{"0":{"name":"(anonymous_0)","decl":{"start":{"line":31,"column":16},"end":{"line":31,"column":17}},"loc":{"start":{"line":31,"column":45},"end":{"line":55,"column":1}},"line":31},"1":{"name":"(anonymous_1)","decl":{"start":{"line":57,"column":24},"end":{"line":57,"column":25}},"loc":{"start":{"line":57,"column":30},"end":{"line":97,"column":1}},"line":57},"2":{"name":"(anonymous_2)","decl":{"start":{"line":92,"column":33},"end":{"line":92,"column":34}},"loc":{"start":{"line":92,"column":39},"end":{"line":92,"column":61}},"line":92}},"branchMap":{"0":{"loc":{"start":{"line":39,"column":19},"end":{"line":39,"column":59}},"type":"cond-expr","locations":[{"start":{"line":39,"column":32},"end":{"line":39,"column":44}},{"start":{"line":39,"column":47},"end":{"line":39,"column":59}}],"line":39},"1":{"loc":{"start":{"line":48,"column":19},"end":{"line":48,"column":58}},"type":"cond-expr","locations":[{"start":{"line":48,"column":32},"end":{"line":48,"column":44}},{"start":{"line":48,"column":47},"end":{"line":48,"column":58}}],"line":48},"2":{"loc":{"start":{"line":61,"column":21},"end":{"line":61,"column":64}},"type":"cond-expr","locations":[{"start":{"line":61,"column":34},"end":{"line":61,"column":47}},{"start":{"line":61,"column":50},"end":{"line":61,"column":64}}],"line":61},"3":{"loc":{"start":{"line":66,"column":27},"end":{"line":66,"column":72}},"type":"cond-expr","locations":[{"start":{"line":66,"column":40},"end":{"line":66,"column":55}},{"start":{"line":66,"column":58},"end":{"line":66,"column":72}}],"line":66},"4":{"loc":{"start":{"line":73,"column":29},"end":{"line":73,"column":69}},"type":"cond-expr","locations":[{"start":{"line":73,"column":42},"end":{"line":73,"column":54}},{"start":{"line":73,"column":57},"end":{"line":73,"column":69}}],"line":73}},"s":{"0":1,"1":4,"2":4,"3":1,"4":1,"5":1,"6":1,"7":0,"8":1},"f":{"0":4,"1":1,"2":0},"b":{"0":[0,4],"1":[0,4],"2":[0,1],"3":[0,1],"4":[0,1]},"_coverageSchema":"1a1c01bbd47fc00a2c39e90264f33305004495a9","hash":"6c8318a17c494ead17f682455991db3c28cfaac5"}
}
